  [1m[36mActiveRecord::SchemaMigration Load (0.5ms)[0m  [1mSELECT "schema_migrations".* FROM "schema_migrations"[0m
  [1m[35mActiveRecord::SchemaMigration Load (0.2ms)[0m  SELECT "schema_migrations".* FROM "schema_migrations"
  [1m[36m (2.9ms)[0m  [1mSELECT t2.oid::regclass::text AS to_table, a1.attname AS column, a2.attname AS primary_key, c.conname AS name, c.confupdtype AS on_update, c.confdeltype AS on_delete
FROM pg_constraint c
JOIN pg_class t1 ON c.conrelid = t1.oid
JOIN pg_class t2 ON c.confrelid = t2.oid
JOIN pg_attribute a1 ON a1.attnum = c.conkey[1] AND a1.attrelid = t1.oid
JOIN pg_attribute a2 ON a2.attnum = c.confkey[1] AND a2.attrelid = t2.oid
JOIN pg_namespace t3 ON c.connamespace = t3.oid
WHERE c.contype = 'f'
  AND t1.relname = 'widgets'
  AND t3.nspname = ANY (current_schemas(false))
ORDER BY c.conname
[0m
  [1m[36mActiveRecord::SchemaMigration Load (0.3ms)[0m  [1mSELECT "schema_migrations".* FROM "schema_migrations"[0m
  [1m[35mActiveRecord::SchemaMigration Load (0.2ms)[0m  SELECT "schema_migrations".* FROM "schema_migrations"
  [1m[36m (2.5ms)[0m  [1mSELECT t2.oid::regclass::text AS to_table, a1.attname AS column, a2.attname AS primary_key, c.conname AS name, c.confupdtype AS on_update, c.confdeltype AS on_delete
FROM pg_constraint c
JOIN pg_class t1 ON c.conrelid = t1.oid
JOIN pg_class t2 ON c.confrelid = t2.oid
JOIN pg_attribute a1 ON a1.attnum = c.conkey[1] AND a1.attrelid = t1.oid
JOIN pg_attribute a2 ON a2.attnum = c.confkey[1] AND a2.attrelid = t2.oid
JOIN pg_namespace t3 ON c.connamespace = t3.oid
WHERE c.contype = 'f'
  AND t1.relname = 'widgets'
  AND t3.nspname = ANY (current_schemas(false))
ORDER BY c.conname
[0m
  [1m[36m (6.8ms)[0m  [1mCREATE TABLE "schema_migrations" ("version" character varying NOT NULL) [0m
  [1m[35m (1.3ms)[0m  CREATE UNIQUE INDEX  "unique_schema_migrations" ON "schema_migrations"  ("version")
  [1m[36mActiveRecord::SchemaMigration Load (0.5ms)[0m  [1mSELECT "schema_migrations".* FROM "schema_migrations"[0m
Migrating to CreateWidgets (20140707111715)
  [1m[35m (0.2ms)[0m  BEGIN
DEPRECATION WARNING: `#timestamps` was called without specifying an option for `null`. In Rails 5, this behavior will change to `null: false`. You should manually specify `null: true` to prevent the behavior of your existing migrations from changing. (called from block in change at /Users/yusukixs/Documents/Aptana Studio 3 Workspace/first_heroku/db/migrate/20140707111715_create_widgets.rb:8)
  [1m[36m (5.9ms)[0m  [1mCREATE TABLE "widgets" ("id" serial primary key, "name" character varying, "description" text, "stock" integer, "created_at" timestamp, "updated_at" timestamp) [0m
  [1m[35mSQL (0.4ms)[0m  INSERT INTO "schema_migrations" ("version") VALUES ($1)  [["version", "20140707111715"]]
  [1m[36m (0.6ms)[0m  [1mCOMMIT[0m
  [1m[35mActiveRecord::SchemaMigration Load (0.2ms)[0m  SELECT "schema_migrations".* FROM "schema_migrations"
  [1m[36m (2.4ms)[0m  [1mSELECT t2.oid::regclass::text AS to_table, a1.attname AS column, a2.attname AS primary_key, c.conname AS name, c.confupdtype AS on_update, c.confdeltype AS on_delete
FROM pg_constraint c
JOIN pg_class t1 ON c.conrelid = t1.oid
JOIN pg_class t2 ON c.confrelid = t2.oid
JOIN pg_attribute a1 ON a1.attnum = c.conkey[1] AND a1.attrelid = t1.oid
JOIN pg_attribute a2 ON a2.attnum = c.confkey[1] AND a2.attrelid = t2.oid
JOIN pg_namespace t3 ON c.connamespace = t3.oid
WHERE c.contype = 'f'
  AND t1.relname = 'widgets'
  AND t3.nspname = ANY (current_schemas(false))
ORDER BY c.conname
[0m


Started GET "/" for ::1 at 2015-08-24 16:39:37 +0900
  [1m[36mActiveRecord::SchemaMigration Load (0.3ms)[0m  [1mSELECT "schema_migrations".* FROM "schema_migrations"[0m
Processing by WelcomeController#index as HTML
  Rendered welcome/index.erb within layouts/application (152.8ms)
Completed 200 OK in 1192ms (Views: 1181.1ms | ActiveRecord: 0.0ms)


Started GET "/assets/jquery_ujs.self.js?body=1" for ::1 at 2015-08-24 16:39:39 +0900


Started GET "/assets/turbolinks.self.js?body=1" for ::1 at 2015-08-24 16:39:39 +0900


Started GET "/assets/welcome.self.js?body=1" for ::1 at 2015-08-24 16:39:39 +0900


Started GET "/assets/widgets.self.js?body=1" for ::1 at 2015-08-24 16:39:39 +0900


Started GET "/assets/jquery.self.js?body=1" for ::1 at 2015-08-24 16:39:39 +0900


Started GET "/assets/application.self.js?body=1" for ::1 at 2015-08-24 16:39:39 +0900


Started GET "/assets/scaffolds.self.css?body=1" for ::1 at 2015-08-24 16:39:39 +0900


Started GET "/assets/theme.self.css?body=1" for ::1 at 2015-08-24 16:39:39 +0900


Started GET "/assets/welcome.self.css?body=1" for ::1 at 2015-08-24 16:39:39 +0900


Started GET "/assets/widgets.self.css?body=1" for ::1 at 2015-08-24 16:39:39 +0900


Started GET "/assets/application.self.css?body=1" for ::1 at 2015-08-24 16:39:39 +0900


Started GET "/assets/lang-logo.png" for ::1 at 2015-08-24 16:39:39 +0900
